=== puma startup: 2016-12-19 18:45:49 +0530 ===
[20355] - Worker 0 (pid: 20360) booted, phase: 0
[20355] - Worker 1 (pid: 20369) booted, phase: 0
[20355] PumaWorkerKiller: Consuming 400.6328125 mb with master and 2 workers.
[20355] PumaWorkerKiller: Consuming 400.6328125 mb with master and 2 workers.
=== puma startup: 2016-12-19 18:48:44 +0530 ===
[20529] - Worker 0 (pid: 20534) booted, phase: 0
[20529] - Worker 1 (pid: 20538) booted, phase: 0
=== puma startup: 2016-12-19 18:49:49 +0530 ===
[20607] - Worker 0 (pid: 20612) booted, phase: 0
[20607] - Worker 1 (pid: 20618) booted, phase: 0
[20607] PumaWorkerKiller: Consuming 398.8671875 mb with master and 2 workers.
[20607] PumaWorkerKiller: Consuming 398.8828125 mb with master and 2 workers.
[20607] PumaWorkerKiller: Consuming 398.890625 mb with master and 2 workers.
=== puma startup: 2016-12-19 18:53:14 +0530 ===
[20866] - Worker 0 (pid: 20871) booted, phase: 0
[20866] - Worker 1 (pid: 20876) booted, phase: 0
=== puma startup: 2016-12-19 18:53:46 +0530 ===
[20939] - Worker 0 (pid: 20944) booted, phase: 0
[20939] - Worker 1 (pid: 20953) booted, phase: 0
[20939] PumaWorkerKiller: Consuming 454.953125 mb with master and 2 workers.
=== puma startup: 2016-12-19 18:55:42 +0530 ===
[21095] - Worker 0 (pid: 21108) booted, phase: 0
[21095] - Worker 1 (pid: 21117) booted, phase: 0
[21095] PumaWorkerKiller: Consuming 662.3828125 mb with master and 2 workers.
[21095] PumaWorkerKiller: Consuming 662.4140625 mb with master and 2 workers.
[21095] - Gracefully shutting down workers...
[21095] === puma shutdown: 2016-12-19 18:58:17 +0530 ===
[21095] - Goodbye!
=== puma startup: 2016-12-19 18:58:28 +0530 ===
[21285] - Worker 0 (pid: 21304) booted, phase: 0
[21285] - Worker 1 (pid: 21313) booted, phase: 0
=== puma startup: 2016-12-19 19:00:04 +0530 ===
[21304] ! Detected parent died, dying
=== puma startup: 2016-12-19 19:00:04 +0530 ===[21313] ! Detected parent died, dying
=== puma startup: 2016-12-19 19:00:14 +0530 ===
[21385] - Worker 0 (pid: 21408) booted, phase: 0
[21385] - Worker 1 (pid: 21417) booted, phase: 0
[21385] - Gracefully shutting down workers...
[21385] === puma shutdown: 2016-12-19 19:00:15 +0530 ===
[21385] - Goodbye!
=== puma startup: 2016-12-19 19:01:17 +0530 ===
[21481] - Worker 0 (pid: 21502) booted, phase: 0
[21481] - Worker 1 (pid: 21511) booted, phase: 0
[21481] - Gracefully shutting down workers...
[21481] === puma shutdown: 2016-12-19 19:01:18 +0530 ===
[21481] - Goodbye!
=== puma startup: 2016-12-19 19:02:09 +0530 ===
[21583] - Worker 0 (pid: 21598) booted, phase: 0
[21583] - Worker 1 (pid: 21607) booted, phase: 0
[21583] PumaWorkerKiller: Consuming 584.59765625 mb with master and 2 workers.
[21583] PumaWorkerKiller: Consuming 585.04296875 mb with master and 2 workers.
[21583] PumaWorkerKiller: Consuming 585.05078125 mb with master and 2 workers.
=== puma startup: 2016-12-19 19:05:54 +0530 ===
[21819] - Gracefully shutting down workers...
[21819] === puma shutdown: 2016-12-19 19:05:54 +0530 ===
[21819] - Goodbye!
=== puma startup: 2016-12-19 19:15:36 +0530 ===
[28295] - Worker 0 (pid: 28310) booted, phase: 0
[28295] - Worker 1 (pid: 28319) booted, phase: 0
[28295] PumaWorkerKiller: Consuming 648.36328125 mb with master and 2 workers.
[28295] - Gracefully shutting down workers...
[28295] === puma shutdown: 2016-12-19 19:16:41 +0530 ===
[28295] - Goodbye!
=== puma startup: 2016-12-19 19:17:42 +0530 ===
[28519] - Worker 0 (pid: 28533) booted, phase: 0
[28519] - Worker 1 (pid: 28542) booted, phase: 0
[28519] - Gracefully shutting down workers...
[28519] === puma shutdown: 2016-12-19 19:17:46 +0530 ===
[28519] - Goodbye!
=== puma startup: 2016-12-19 19:17:57 +0530 ===
[28566] - Worker 0 (pid: 28582) booted, phase: 0
[28566] - Worker 1 (pid: 28591) booted, phase: 0
[28566] - Gracefully shutting down workers...
[28566] === puma shutdown: 2016-12-19 19:18:04 +0530 ===
[28566] - Goodbye!
=== puma startup: 2017-04-13 16:09:46 +0530 ===
[26436] - Worker 0 (pid: 26475) booted, phase: 0
[26436] - Worker 1 (pid: 26478) booted, phase: 0
[26436] - Worker 2 (pid: 26481) booted, phase: 0
[26436] - Worker 3 (pid: 26484) booted, phase: 0
[26436] PumaWorkerKiller: Consuming 960.3828125 mb with master and 4 workers.
[26436] PumaWorkerKiller: Consuming 1136.015625 mb with master and 4 workers.
[26436] - Gracefully shutting down workers...
[26436] === puma shutdown: 2017-04-13 16:12:40 +0530 ===
[26436] - Goodbye!
=== puma startup: 2017-04-13 16:20:22 +0530 ===
[26748] - Worker 0 (pid: 26787) booted, phase: 0
[26748] - Worker 1 (pid: 26794) booted, phase: 0
[26748] - Worker 2 (pid: 26801) booted, phase: 0
[26748] - Worker 3 (pid: 26808) booted, phase: 0
[26748] PumaWorkerKiller: Consuming 1085.5078125 mb with master and 4 workers.
[26748] PumaWorkerKiller: Consuming 1087.359375 mb with master and 4 workers.
[26748] PumaWorkerKiller: Consuming 1089.296875 mb with master and 4 workers.
[26748] - Gracefully shutting down workers...
[26748] === puma shutdown: 2017-04-13 16:23:25 +0530 ===
[26748] - Goodbye!
=== puma startup: 2017-04-13 16:42:39 +0530 ===
[26974] - Worker 0 (pid: 27016) booted, phase: 0
[26974] - Worker 1 (pid: 27021) booted, phase: 0
[26974] - Worker 2 (pid: 27025) booted, phase: 0
[26974] - Worker 3 (pid: 27029) booted, phase: 0
[26974] - Gracefully shutting down workers...
[26974] === puma shutdown: 2017-04-13 16:42:41 +0530 ===
[26974] - Goodbye!
=== puma startup: 2017-04-13 17:32:57 +0530 ===
[27841] - Worker 0 (pid: 27883) booted, phase: 0
[27841] - Worker 1 (pid: 27886) booted, phase: 0
[27841] - Worker 2 (pid: 27889) booted, phase: 0
[27841] - Worker 3 (pid: 27899) booted, phase: 0
[27841] PumaWorkerKiller: Consuming 939.6484375 mb with master and 4 workers.
[27841] - Gracefully shutting down workers...
[27841] === puma shutdown: 2017-04-13 17:34:38 +0530 ===
[27841] - Goodbye!
Puma is started
